<?xml version="1.0" encoding="UTF-8"?>
<testsuite name="RationalTest" tests="7" skipped="0" failures="0" errors="0" timestamp="2022-09-18T09:27:57" hostname="pixels27s-MBP" time="0.027">
  <properties/>
  <testcase name="testComparedTo" classname="RationalTest" time="0.003"/>
  <testcase name="testAdd" classname="RationalTest" time="0.0"/>
  <testcase name="testSubtract" classname="RationalTest" time="0.0"/>
  <testcase name="testToString" classname="RationalTest" time="0.018"/>
  <testcase name="testDivide" classname="RationalTest" time="0.001"/>
  <testcase name="testEquals" classname="RationalTest" time="0.0"/>
  <testcase name="testMultiply" classname="RationalTest" time="0.0"/>
  <system-out><![CDATA[]]></system-out>
  <system-err><![CDATA[]]></system-err>
</testsuite>
